<?xml version="1.0" encoding="UTF-8"?>
<!-- Generated by org.testng.reporters.JUnitXMLReporter -->
<testsuite ignored="0" hostname="momdad" failures="0" tests="3" name="Test" time="16.28" errors="0" timestamp="2023-11-04T15:20:55 IST">
  <testcase classname="genericUtilities.BaseClass" name="@BeforeMethod loginToApplication" time="0.095">
    <failure type="java.lang.AssertionError" message="expected [true] but found [false]">
      <![CDATA[java.lang.AssertionError: expected [true] but found [false]
at genericUtilities.BaseClass.loginToApplication(BaseClass.java:77)
at java.base/java.util.ArrayList.forEach(ArrayList.java:1511)
... Removed 35 stack frames]]>
    </failure>
  </testcase> <!-- @BeforeMethod loginToApplication -->
  <testcase classname="genericUtilities.BaseClass" name="@BeforeMethod loginToApplication" time="0.003">
    <failure type="java.lang.AssertionError" message="expected [true] but found [false]">
      <![CDATA[java.lang.AssertionError: expected [true] but found [false]
at genericUtilities.BaseClass.loginToApplication(BaseClass.java:77)
at java.base/java.util.ArrayList.forEach(ArrayList.java:1511)
... Removed 35 stack frames]]>
    </failure>
  </testcase> <!-- @BeforeMethod loginToApplication -->
  <testcase classname="genericUtilities.BaseClass" name="@BeforeMethod loginToApplication" time="0.002">
    <failure type="java.lang.AssertionError" message="expected [true] but found [false]">
      <![CDATA[java.lang.AssertionError: expected [true] but found [false]
at genericUtilities.BaseClass.loginToApplication(BaseClass.java:77)
at java.base/java.util.ArrayList.forEach(ArrayList.java:1511)
... Removed 35 stack frames]]>
    </failure>
  </testcase> <!-- @BeforeMethod loginToApplication -->
  <testcase classname="Home.DWS_Home_06_Test" name="Remove_the_product_from_comparelist" time="0.0">
    <skipped/>
  </testcase> <!-- Remove_the_product_from_comparelist -->
  <testcase classname="Home.DWS_Home_07_Test" name="Verify_whether_the_product_is_displaying_as_per_filter_for_jewellery" time="0.0">
    <skipped/>
  </testcase> <!-- Verify_whether_the_product_is_displaying_as_per_filter_for_jewellery -->
  <testcase classname="Jewelry.DWS_Jewelry_10_Test" name="Verify_User_can_able_to_remove_the_product_from_wishlist" time="0.001">
    <skipped/>
  </testcase> <!-- Verify_User_can_able_to_remove_the_product_from_wishlist -->
</testsuite> <!-- Test -->
